<?xml version="1.0" encoding="UTF-8"?>
<!-- Generated by org.testng.reporters.JUnitReportReporter -->
<testsuite hostname="DESKTOP-I6SOEIE" failures="0" tests="1" name="com.eBanking.testCases.LoginDDTest_TC002" time="4.397" errors="0" timestamp="2023-08-02T15:43:51 IST" skipped="0">
  <testcase classname="com.eBanking.testCases.LoginDDTest_TC002" name="LoginDDT" time="4.397"/>
</testsuite> <!-- com.eBanking.testCases.LoginDDTest_TC002 -->
