<?xml version="1.0" encoding="UTF-8"?>
<!-- Generated by org.testng.reporters.JUnitReportReporter -->
<testsuite hostname="DESKTOP-I6SOEIE" failures="0" tests="1" name="com.eBanking.testCases.LoginTest_TC001" time="1.628" errors="0" timestamp="2023-08-02T15:43:51 IST" skipped="0">
  <testcase classname="com.eBanking.testCases.LoginTest_TC001" name="LoginTest" time="1.628"/>
</testsuite> <!-- com.eBanking.testCases.LoginTest_TC001 -->
