<?xml version="1.0" encoding="UTF-8"?>
<!-- Generated by org.testng.reporters.JUnitReportReporter -->
<testsuite hostname="DESKTOP-I6SOEIE" failures="0" tests="1" name="com.eBanking.testCases.LoginTest_TC001" time="2.241" errors="0" timestamp="2023-07-31T14:44:20 IST" skipped="0">
  <testcase classname="com.eBanking.testCases.LoginTest_TC001" name="LoginTest" time="2.241"/>
</testsuite> <!-- com.eBanking.testCases.LoginTest_TC001 -->
